<?xml version="1.0" encoding="UTF-8"?>
<!-- Generated by org.testng.reporters.JUnitReportReporter -->
<testsuite skipped="0" hostname="DESKTOP-OCIPN57" name="com.interview.scripts.Preqin_Login_Test" tests="4" failures="0" timestamp="2021-05-27T13:17:51 IST" time="3.455" errors="0">
  <testcase name="test01" time="0.642" classname="com.interview.scripts.Preqin_Login_Test"/>
  <testcase name="test02" time="0.827" classname="com.interview.scripts.Preqin_Login_Test"/>
  <testcase name="test04" time="1.348" classname="com.interview.scripts.Preqin_Login_Test"/>
  <testcase name="test03" time="0.638" classname="com.interview.scripts.Preqin_Login_Test"/>
</testsuite> <!-- com.interview.scripts.Preqin_Login_Test -->
