<?xml version="1.0" encoding="UTF-8"?>
<!-- Generated by org.testng.reporters.JUnitReportReporter -->
<testsuite skipped="0" hostname="DESKTOP-OCIPN57" name="com.preqin.scripts.Calix_Login_Test" tests="1" failures="0" timestamp="2019-11-21T10:31:26 IST" time="69.626" errors="0">
  <testcase name="test" time="69.626" classname="com.preqin.scripts.Calix_Login_Test"/>
</testsuite> <!-- com.preqin.scripts.Calix_Login_Test -->
