<?xml version="1.0" encoding="UTF-8"?>
<!-- Generated by org.testng.reporters.JUnitReportReporter -->
<testsuite skipped="0" hostname="DESKTOP-OCIPN57" name="com.projectname.scripts.NewTest" tests="1" failures="0" timestamp="2021-05-28T16:25:40 IST" time="0.004" errors="0">
  <testcase name="f" time="0.004" classname="com.projectname.scripts.NewTest"/>
</testsuite> <!-- com.projectname.scripts.NewTest -->
