<?xml version="1.0" encoding="UTF-8"?>
<!-- Generated by org.testng.reporters.JUnitReportReporter -->
<testsuite skipped="0" hostname="DESKTOP-OCIPN57" name="com.projectname.scripts.BlazeDemo_Home_Test" tests="3" failures="0" timestamp="2021-05-28T17:07:02 IST" time="8.816" errors="0">
  <testcase name="BlazeDemo_Home_Test02" time="2.154" classname="com.projectname.scripts.BlazeDemo_Home_Test"/>
  <testcase name="BlazeDemo_Home_Test01" time="2.775" classname="com.projectname.scripts.BlazeDemo_Home_Test"/>
  <testcase name="BlazeDemo_Home_Test03" time="3.887" classname="com.projectname.scripts.BlazeDemo_Home_Test"/>
</testsuite> <!-- com.projectname.scripts.BlazeDemo_Home_Test -->
