<?xml version="1.0" encoding="UTF-8"?>
<!-- Generated by org.testng.reporters.JUnitReportReporter -->
<testsuite skipped="0" hostname="DESKTOP-OCIPN57" name="com.preqin.scripts.Mummy" tests="5" failures="0" timestamp="2020-11-28T20:44:56 IST" time="236.935" errors="0">
  <testcase name="test" time="47.115" classname="com.preqin.scripts.Mummy"/>
  <testcase name="test" time="46.556" classname="com.preqin.scripts.Mummy"/>
  <testcase name="test" time="48.644" classname="com.preqin.scripts.Mummy"/>
  <testcase name="test" time="47.026" classname="com.preqin.scripts.Mummy"/>
  <testcase name="test" time="47.594" classname="com.preqin.scripts.Mummy"/>
</testsuite> <!-- com.preqin.scripts.Mummy -->
