<?xml version="1.0" encoding="UTF-8"?>
<!-- Generated by org.testng.reporters.JUnitReportReporter -->
<testsuite skipped="0" hostname="DESKTOP-OCIPN57" name="com.preqin.scripts.Mummy2" tests="32" failures="0" timestamp="2020-12-03T10:51:36 IST" time="180.552" errors="0">
  <testcase name="test" time="5.703" classname="com.preqin.scripts.Mummy2"/>
  <testcase name="test" time="5.551" classname="com.preqin.scripts.Mummy2"/>
  <testcase name="test" time="5.677" classname="com.preqin.scripts.Mummy2"/>
  <testcase name="test" time="5.563" classname="com.preqin.scripts.Mummy2"/>
  <testcase name="test" time="5.610" classname="com.preqin.scripts.Mummy2"/>
  <testcase name="test" time="5.649" classname="com.preqin.scripts.Mummy2"/>
  <testcase name="test" time="5.644" classname="com.preqin.scripts.Mummy2"/>
  <testcase name="test" time="5.812" classname="com.preqin.scripts.Mummy2"/>
  <testcase name="test" time="5.535" classname="com.preqin.scripts.Mummy2"/>
  <testcase name="test" time="5.756" classname="com.preqin.scripts.Mummy2"/>
  <testcase name="test" time="5.930" classname="com.preqin.scripts.Mummy2"/>
  <testcase name="test" time="5.549" classname="com.preqin.scripts.Mummy2"/>
  <testcase name="test" time="5.892" classname="com.preqin.scripts.Mummy2"/>
  <testcase name="test" time="5.566" classname="com.preqin.scripts.Mummy2"/>
  <testcase name="test" time="5.808" classname="com.preqin.scripts.Mummy2"/>
  <testcase name="test" time="5.586" classname="com.preqin.scripts.Mummy2"/>
  <testcase name="test" time="5.773" classname="com.preqin.scripts.Mummy2"/>
  <testcase name="test" time="5.592" classname="com.preqin.scripts.Mummy2"/>
  <testcase name="test" time="5.705" classname="com.preqin.scripts.Mummy2"/>
  <testcase name="test" time="5.631" classname="com.preqin.scripts.Mummy2"/>
  <testcase name="test" time="5.578" classname="com.preqin.scripts.Mummy2"/>
  <testcase name="test" time="5.559" classname="com.preqin.scripts.Mummy2"/>
  <testcase name="test" time="5.563" classname="com.preqin.scripts.Mummy2"/>
  <testcase name="test" time="5.584" classname="com.preqin.scripts.Mummy2"/>
  <testcase name="test" time="5.552" classname="com.preqin.scripts.Mummy2"/>
  <testcase name="test" time="5.568" classname="com.preqin.scripts.Mummy2"/>
  <testcase name="test" time="5.776" classname="com.preqin.scripts.Mummy2"/>
  <testcase name="test" time="5.569" classname="com.preqin.scripts.Mummy2"/>
  <testcase name="test" time="5.571" classname="com.preqin.scripts.Mummy2"/>
  <testcase name="test" time="5.591" classname="com.preqin.scripts.Mummy2"/>
  <testcase name="test" time="5.571" classname="com.preqin.scripts.Mummy2"/>
  <testcase name="test" time="5.538" classname="com.preqin.scripts.Mummy2"/>
</testsuite> <!-- com.preqin.scripts.Mummy2 -->
