<?xml version="1.0" encoding="UTF-8"?>
<!-- Generated by org.testng.reporters.JUnitReportReporter -->
<testsuite skipped="0" hostname="DESKTOP-OCIPN57" name="com.projectname.scripts.BlazeDemo_Travel_World_Test" tests="7" failures="0" timestamp="2021-05-28T17:07:02 IST" time="5.249" errors="0">
  <testcase name="BlazeDemo_CheckFlights_Test06" time="0.434" classname="com.projectname.scripts.BlazeDemo_Travel_World_Test"/>
  <testcase name="BlazeDemo_Travel_World_Test05" time="0.339" classname="com.projectname.scripts.BlazeDemo_Travel_World_Test"/>
  <testcase name="BlazeDemo_Travel_World_Test03" time="0.607" classname="com.projectname.scripts.BlazeDemo_Travel_World_Test"/>
  <testcase name="BlazeDemo_Travel_World_Test04" time="1.251" classname="com.projectname.scripts.BlazeDemo_Travel_World_Test"/>
  <testcase name="BlazeDemo_Travel_World_Test01" time="0.697" classname="com.projectname.scripts.BlazeDemo_Travel_World_Test"/>
  <testcase name="BlazeDemo_Travel_World_Test02" time="0.758" classname="com.projectname.scripts.BlazeDemo_Travel_World_Test"/>
  <testcase name="BlazeDemo_CheckFlights_Test07" time="1.163" classname="com.projectname.scripts.BlazeDemo_Travel_World_Test"/>
</testsuite> <!-- com.projectname.scripts.BlazeDemo_Travel_World_Test -->
