<?xml version="1.0" encoding="UTF-8"?>
<!-- Generated by org.testng.reporters.JUnitReportReporter -->
<testsuite skipped="0" hostname="DESKTOP-OCIPN57" name="com.projectname.scripts.BlazeDemo_Login_Test" tests="1" failures="0" timestamp="2021-05-28T17:07:02 IST" time="6.738" errors="0">
  <testcase name="BlazeDemo_Login_Test01" time="6.738" classname="com.projectname.scripts.BlazeDemo_Login_Test"/>
</testsuite> <!-- com.projectname.scripts.BlazeDemo_Login_Test -->
