<?xml version="1.0" encoding="UTF-8"?>
<!-- Generated by org.testng.reporters.JUnitReportReporter -->
<testsuite skipped="0" hostname="DESKTOP-OCIPN57" name="com.projectname.scripts.BlazeDemo_Travel_World_Test" tests="7" failures="0" timestamp="2021-05-28T21:22:48 IST" time="4.480" errors="0">
  <testcase name="BlazeDemo_Travel_World_Test02" time="0.396" classname="com.projectname.scripts.BlazeDemo_Travel_World_Test"/>
  <system-out>
 Expected:::System should select departure as : Paris  Actual::: System successfully selected departure as : Paris<div><a HREF='D:\Preqin-WorkSpace\MInterview\target\screenshots\1622217148927.jpg'><img src='D:\Preqin-WorkSpace\MInterview\target\screenshots\1622217148927.jpg' alt='Screen Shot' style='width:250px;height:200px'></a></div>  </system-out>
  <testcase name="BlazeDemo_Travel_World_Test03" time="0.635" classname="com.projectname.scripts.BlazeDemo_Travel_World_Test"/>
  <system-out>
 Expected:::System should select destination as : Berlin  Actual::: System successfully selected departure as : Berlin<div><a HREF='D:\Preqin-WorkSpace\MInterview\target\screenshots\1622217149452.jpg'><img src='D:\Preqin-WorkSpace\MInterview\target\screenshots\1622217149452.jpg' alt='Screen Shot' style='width:250px;height:200px'></a></div>  </system-out>
  <testcase name="BlazeDemo_Travel_World_Test04" time="1.085" classname="com.projectname.scripts.BlazeDemo_Travel_World_Test"/>
  <system-out>
 Expected:::System has successfully selected Find Flights  Actual::: System has successfully selected Find Flights<div><a HREF='D:\Preqin-WorkSpace\MInterview\target\screenshots\1622217150591.jpg'><img src='D:\Preqin-WorkSpace\MInterview\target\screenshots\1622217150591.jpg' alt='Screen Shot' style='width:250px;height:200px'></a></div>  </system-out>
  <testcase name="BlazeDemo_CheckFlights_Test06" time="0.469" classname="com.projectname.scripts.BlazeDemo_Travel_World_Test"/>
  <system-out>
 Expected:::System should navigate to the correct Flight Selection Page  Actual::: System has successfully navigated to the correct Flight Selection Page <div><a HREF='D:\Preqin-WorkSpace\MInterview\target\screenshots\1622217151359.jpg'><img src='D:\Preqin-WorkSpace\MInterview\target\screenshots\1622217151359.jpg' alt='Screen Shot' style='width:250px;height:200px'></a></div>  </system-out>
  <testcase name="BlazeDemo_Travel_World_Test01" time="0.373" classname="com.projectname.scripts.BlazeDemo_Travel_World_Test"/>
  <system-out>
 Expected:::System should navigate to "Travel The World Page"  Actual::: System successfully navigated to "Travel The World Page"<div><a HREF='D:\Preqin-WorkSpace\MInterview\target\screenshots\1622217148476.jpg'><img src='D:\Preqin-WorkSpace\MInterview\target\screenshots\1622217148476.jpg' alt='Screen Shot' style='width:250px;height:200px'></a></div>  </system-out>
  <testcase name="BlazeDemo_CheckFlights_Test07" time="1.133" classname="com.projectname.scripts.BlazeDemo_Travel_World_Test"/>
  <system-out>
 Expected:::System should choose flight and moved to Reserved Page   Actual::: System successfully choosen flight and moved to Reserved Page <div><a HREF='D:\Preqin-WorkSpace\MInterview\target\screenshots\1622217152562.jpg'><img src='D:\Preqin-WorkSpace\MInterview\target\screenshots\1622217152562.jpg' alt='Screen Shot' style='width:250px;height:200px'></a></div>  </system-out>
  <testcase name="BlazeDemo_Travel_World_Test05" time="0.389" classname="com.projectname.scripts.BlazeDemo_Travel_World_Test"/>
  <system-out>
 Expected:::System should navigate to "Choose Flights Page"  Actual::: System successfully navigated to "Choose Flights Page"<div><a HREF='D:\Preqin-WorkSpace\MInterview\target\screenshots\1622217150897.jpg'><img src='D:\Preqin-WorkSpace\MInterview\target\screenshots\1622217150897.jpg' alt='Screen Shot' style='width:250px;height:200px'></a></div>  </system-out>
</testsuite> <!-- com.projectname.scripts.BlazeDemo_Travel_World_Test -->
