<?xml version="1.0" encoding="UTF-8"?>
<!-- Generated by org.testng.reporters.JUnitReportReporter -->
<testsuite skipped="0" hostname="DESKTOP-OCIPN57" name="com.projectname.scripts.BlazeDemo_Home_Test" tests="3" failures="0" timestamp="2021-05-28T21:22:48 IST" time="7.949" errors="0">
  <testcase name="BlazeDemo_Home_Test02" time="1.395" classname="com.projectname.scripts.BlazeDemo_Home_Test"/>
  <system-out>
 Expected:::System should navigate to "BlazeDemo_Registration Page"  Actual::: System successfully navigated to "BlazeDemo_Registration Page"<div><a HREF='D:\Preqin-WorkSpace\MInterview\target\screenshots\1622217156825.jpg'><img src='D:\Preqin-WorkSpace\MInterview\target\screenshots\1622217156825.jpg' alt='Screen Shot' style='width:250px;height:200px'></a></div>  </system-out>
  <testcase name="BlazeDemo_Home_Test03" time="3.613" classname="com.projectname.scripts.BlazeDemo_Home_Test"/>
  <system-out>
 Expected:::System should fill the registration form  Actual::: System successfully fill the registration form<div><a HREF='D:\Preqin-WorkSpace\MInterview\target\screenshots\1622217160542.jpg'><img src='D:\Preqin-WorkSpace\MInterview\target\screenshots\1622217160542.jpg' alt='Screen Shot' style='width:250px;height:200px'></a></div>  </system-out>
  <testcase name="BlazeDemo_Home_Test01" time="2.941" classname="com.projectname.scripts.BlazeDemo_Home_Test"/>
  <system-out>
 Expected:::System should navigate to "BlazeDemo_HomePage Page"  Actual::: System successfully navigated to "BlazeDemo_HomePage Page"<div><a HREF='D:\Preqin-WorkSpace\MInterview\target\screenshots\1622217155492.jpg'><img src='D:\Preqin-WorkSpace\MInterview\target\screenshots\1622217155492.jpg' alt='Screen Shot' style='width:250px;height:200px'></a></div>  </system-out>
</testsuite> <!-- com.projectname.scripts.BlazeDemo_Home_Test -->
