<?xml version="1.0" encoding="UTF-8"?>
<!-- Generated by org.testng.reporters.JUnitReportReporter -->
<testsuite skipped="0" hostname="DESKTOP-OCIPN57" name="com.projectname.scripts.BlazeDemo_Login_Test" tests="1" failures="0" timestamp="2021-05-28T21:22:48 IST" time="6.488" errors="0">
  <testcase name="BlazeDemo_Login_Test01" time="6.488" classname="com.projectname.scripts.BlazeDemo_Login_Test"/>
  <system-out>
 Expected:::System should navigate to "BlazeDemo_HomePage Page"  Actual::: System successfully navigated to "BlazeDemo_HomePage Page"<div><a HREF='D:\Preqin-WorkSpace\MInterview\target\screenshots\1622217165958.jpg'><img src='D:\Preqin-WorkSpace\MInterview\target\screenshots\1622217165958.jpg' alt='Screen Shot' style='width:250px;height:200px'></a></div>  Expected:::System should navigate to "BlazeDemo_Login Page"  Actual::: System successfully navigated to "BlazeDemo_Login Page"<div><a HREF='D:\Preqin-WorkSpace\MInterview\target\screenshots\1622217167047.jpg'><img src='D:\Preqin-WorkSpace\MInterview\target\screenshots\1622217167047.jpg' alt='Screen Shot' style='width:250px;height:200px'></a></div>  </system-out>
</testsuite> <!-- com.projectname.scripts.BlazeDemo_Login_Test -->
